# JRE version: OpenJDK Runtime Environment Microsoft-8035246 (17.0.8+7) (build 17.0.8+7-LTS)
# Java VM: OpenJDK 64-Bit Server VM Microsoft-8035246 (17.0.8+7-LTS, mixed mode, sharing, tiered, compressed oops, compressed class ptrs, g1 gc, windows-amd64)
GC Precious Log:
 CPUs: 4 total, 4 available
 Memory: 3979M
 Large Page Support: Disabled
 NUMA Support: Disabled
 Compressed Oops: Enabled (32-bit)
 Heap Region Size: 1M
 Heap Min Capacity: 8M
 Heap Initial Capacity: 64M
 Heap Max Capacity: 2G
 Pre-touch: Disabled
 Parallel Workers: 4
 Concurrent Workers: 1
 Concurrent Refinement Workers: 4
 Periodic GC: Disabled
Heap:
 garbage-first heap   total 314368K, used 257435K [0x0000000080000000, 0x0000000100000000)
  region size 1024K, 64 young (65536K), 9 survivors (9216K)
 Metaspace       used 105791K, committed 107072K, reserved 557056K
  class space    used 14553K, committed 15168K, reserved 425984K
GC Heap History (20 events):
Event: 56.487 GC heap before
{Heap before GC invocations=35 (full 0):
 garbage-first heap   total 212992K, used 176810K [0x0000000080000000, 0x0000000100000000)
  region size 1024K, 80 young (81920K), 4 survivors (4096K)
 Metaspace       used 90262K, committed 91136K, reserved 557056K
  class space    used 12627K, committed 12992K, reserved 425984K
}
Event: 56.514 GC heap after
{Heap after GC invocations=36 (full 0):
 garbage-first heap   total 212992K, used 105810K [0x0000000080000000, 0x0000000100000000)
  region size 1024K, 10 young (10240K), 10 survivors (10240K)
 Metaspace       used 90262K, committed 91136K, reserved 557056K
  class space    used 12627K, committed 12992K, reserved 425984K
}
Event: 56.525 GC heap before
{Heap before GC invocations=36 (full 0):
 garbage-first heap   total 212992K, used 106834K [0x0000000080000000, 0x0000000100000000)
  region size 1024K, 11 young (11264K), 10 survivors (10240K)
 Metaspace       used 90282K, committed 91136K, reserved 557056K
  class space    used 12631K, committed 12992K, reserved 425984K
}
Event: 56.559 GC heap after
{Heap after GC invocations=37 (full 0):
 garbage-first heap   total 314368K, used 106210K [0x0000000080000000, 0x0000000100000000)
  region size 1024K, 2 young (2048K), 2 survivors (2048K)
 Metaspace       used 90282K, committed 91136K, reserved 557056K
  class space    used 12631K, committed 12992K, reserved 425984K
}
Event: 61.188 GC heap before
{Heap before GC invocations=37 (full 0):
 garbage-first heap   total 314368K, used 251618K [0x0000000080000000, 0x0000000100000000)
  region size 1024K, 138 young (141312K), 2 survivors (2048K)
 Metaspace       used 93398K, committed 94464K, reserved 557056K
  class space    used 13061K, committed 13504K, reserved 425984K
}
Event: 61.249 GC heap after
{Heap after GC invocations=38 (full 0):
 garbage-first heap   total 314368K, used 140692K [0x0000000080000000, 0x0000000100000000)
  region size 1024K, 18 young (18432K), 18 survivors (18432K)
 Metaspace       used 93398K, committed 94464K, reserved 557056K
  class space    used 13061K, committed 13504K, reserved 425984K
}
Event: 66.560 GC heap before
{Heap before GC invocations=39 (full 0):
 garbage-first heap   total 314368K, used 243092K [0x0000000080000000, 0x0000000100000000)
  region size 1024K, 116 young (118784K), 18 survivors (18432K)
 Metaspace       used 95862K, committed 97088K, reserved 557056K
  class space    used 13378K, committed 13952K, reserved 425984K
}
Event: 66.620 GC heap after
{Heap after GC invocations=40 (full 0):
 garbage-first heap   total 314368K, used 161762K [0x0000000080000000, 0x0000000100000000)
  region size 1024K, 15 young (15360K), 15 survivors (15360K)
 Metaspace       used 95862K, committed 97088K, reserved 557056K
  class space    used 13378K, committed 13952K, reserved 425984K
}
Event: 66.691 GC heap before
{Heap before GC invocations=40 (full 0):
 garbage-first heap   total 314368K, used 162786K [0x0000000080000000, 0x0000000100000000)
  region size 1024K, 16 young (16384K), 15 survivors (15360K)
 Metaspace       used 95926K, committed 97152K, reserved 557056K
  class space    used 13390K, committed 13952K, reserved 425984K
}
Event: 66.733 GC heap after
{Heap after GC invocations=41 (full 0):
 garbage-first heap   total 314368K, used 164864K [0x0000000080000000, 0x0000000100000000)
  region size 1024K, 2 young (2048K), 2 survivors (2048K)
 Metaspace       used 95926K, committed 97152K, reserved 557056K
  class space    used 13390K, committed 13952K, reserved 425984K
}
Event: 68.781 GC heap before
{Heap before GC invocations=41 (full 0):
 garbage-first heap   total 314368K, used 246784K [0x0000000080000000, 0x0000000100000000)
  region size 1024K, 82 young (83968K), 2 survivors (2048K)
 Metaspace       used 100987K, committed 102208K, reserved 557056K
  class space    used 14064K, committed 14592K, reserved 425984K
}
Event: 68.815 GC heap after
{Heap after GC invocations=42 (full 0):
 garbage-first heap   total 314368K, used 171637K [0x0000000080000000, 0x0000000100000000)
  region size 1024K, 9 young (9216K), 9 survivors (9216K)
 Metaspace       used 100987K, committed 102208K, reserved 557056K
  class space    used 14064K, committed 14592K, reserved 425984K
}
Event: 71.225 GC heap before
{Heap before GC invocations=42 (full 0):
 garbage-first heap   total 314368K, used 249461K [0x0000000080000000, 0x0000000100000000)
  region size 1024K, 85 young (87040K), 9 survivors (9216K)
 Metaspace       used 101765K, committed 102976K, reserved 557056K
  class space    used 14125K, committed 14656K, reserved 425984K
}
Event: 71.277 GC heap after
{Heap after GC invocations=43 (full 0):
 garbage-first heap   total 314368K, used 179548K [0x0000000080000000, 0x0000000100000000)
  region size 1024K, 8 young (8192K), 8 survivors (8192K)
 Metaspace       used 101765K, committed 102976K, reserved 557056K
  class space    used 14125K, committed 14656K, reserved 425984K
}
Event: 73.016 GC heap before
{Heap before GC invocations=43 (full 0):
 garbage-first heap   total 314368K, used 258396K [0x0000000080000000, 0x0000000100000000)
  region size 1024K, 81 young (82944K), 8 survivors (8192K)
 Metaspace       used 104348K, committed 105664K, reserved 557056K
  class space    used 14352K, committed 14912K, reserved 425984K
}
Event: 73.076 GC heap after
{Heap after GC invocations=44 (full 0):
 garbage-first heap   total 314368K, used 188112K [0x0000000080000000, 0x0000000100000000)
  region size 1024K, 9 young (9216K), 9 survivors (9216K)
 Metaspace       used 104348K, committed 105664K, reserved 557056K
  class space    used 14352K, committed 14912K, reserved 425984K
}
Event: 74.719 GC heap before
{Heap before GC invocations=44 (full 0):
 garbage-first heap   total 314368K, used 255696K [0x0000000080000000, 0x0000000100000000)
  region size 1024K, 76 young (77824K), 9 survivors (9216K)
 Metaspace       used 105128K, committed 106368K, reserved 557056K
  class space    used 14437K, committed 14976K, reserved 425984K
}
Event: 74.754 GC heap after
{Heap after GC invocations=45 (full 0):
 garbage-first heap   total 314368K, used 192616K [0x0000000080000000, 0x0000000100000000)
  region size 1024K, 5 young (5120K), 5 survivors (5120K)
 Metaspace       used 105128K, committed 106368K, reserved 557056K
  class space    used 14437K, committed 14976K, reserved 425984K
}
Event: 76.338 GC heap before
{Heap before GC invocations=45 (full 0):
 garbage-first heap   total 314368K, used 258152K [0x0000000080000000, 0x0000000100000000)
  region size 1024K, 70 young (71680K), 5 survivors (5120K)
 Metaspace       used 105746K, committed 107072K, reserved 557056K
  class space    used 14553K, committed 15168K, reserved 425984K
}
Event: 76.366 GC heap after
{Heap after GC invocations=46 (full 0):
 garbage-first heap   total 314368K, used 199067K [0x0000000080000000, 0x0000000100000000)
  region size 1024K, 9 young (9216K), 9 survivors (9216K)
 Metaspace       used 105746K, committed 107072K, reserved 557056K
  class space    used 14553K, committed 15168K, reserved 425984K
}

